<?xml version="1.0" encoding="UTF-8"?>
<testsuite name="com.polarbookshop.catalogservice.web.BookJsonTests" tests="2" skipped="0" failures="0" errors="0" timestamp="2024-06-25T08:14:04" hostname="PARAGUPT-mac" time="0.034">
  <properties/>
  <testcase name="testSerialize()" classname="com.polarbookshop.catalogservice.web.BookJsonTests" time="0.016"/>
  <testcase name="testDeserialize()" classname="com.polarbookshop.catalogservice.web.BookJsonTests" time="0.017"/>
  <system-out><![CDATA[2024-06-25T13:44:04.419+05:30  INFO 46235 --- [catalog-service] [    Test worker] t.c.s.AnnotationConfigContextLoaderUtils : Could not detect default configuration classes for test class [com.polarbookshop.catalogservice.web.BookJsonTests]: BookJsonTests does not declare any static, non-private, non-final, nested classes annotated with @Configuration.
2024-06-25T13:44:04.425+05:30  INFO 46235 --- [catalog-service] [    Test worker] .b.t.c.SpringBootTestContextBootstrapper : Found @SpringBootConfiguration com.polarbookshop.catalogservice.CatalogServiceApplication for test class com.polarbookshop.catalogservice.web.BookJsonTests

  .   ____          _            __ _ _
 /\\ / ___'_ __ _ _(_)_ __  __ _ \ \ \ \
( ( )\___ | '_ | '_| | '_ \/ _` | \ \ \ \
 \\/  ___)| |_)| | | | | || (_| |  ) ) ) )
  '  |____| .__|_| |_|_| |_\__, | / / / /
 =========|_|==============|___/=/_/_/_/

 :: Spring Boot ::                (v3.3.1)

2024-06-25T13:44:04.444+05:30  INFO 46235 --- [catalog-service] [    Test worker] c.p.catalogservice.web.BookJsonTests     : Starting BookJsonTests using Java 17.0.5 with PID 46235 (started by PARAGUPT in /Users/PARAGUPT/Learning/spring/CloudNativeSpring/my-code/catalog-service)
2024-06-25T13:44:04.444+05:30  INFO 46235 --- [catalog-service] [    Test worker] c.p.catalogservice.web.BookJsonTests     : No active profile set, falling back to 1 default profile: "default"
2024-06-25T13:44:04.501+05:30  INFO 46235 --- [catalog-service] [    Test worker] c.p.catalogservice.web.BookJsonTests     : Started BookJsonTests in 0.074 seconds (process running for 2.401)
JsonContent {"isbn":"1234567890","title":"Title","author":"Author","price":9.9} created from com.polarbookshop.catalogservice.domain.Book
]]></system-out>
  <system-err><![CDATA[]]></system-err>
</testsuite>
