<?xml version="1.0" encoding="UTF-8"?>
<testsuite name="com.polarbookshop.catalogservice.domain.BookValidationTests" tests="2" skipped="0" failures="0" errors="0" timestamp="2024-06-25T08:14:04" hostname="PARAGUPT-mac" time="0.009">
  <properties/>
  <testcase name="whenAllFieldsCorrectThenValidationSucceeds()" classname="com.polarbookshop.catalogservice.domain.BookValidationTests" time="0.007"/>
  <testcase name="whenIsbnDefinedButIncorrectThenValidationFails()" classname="com.polarbookshop.catalogservice.domain.BookValidationTests" time="0.002"/>
  <system-out><![CDATA[]]></system-out>
  <system-err><![CDATA[]]></system-err>
</testsuite>
