<?xml version="1.0" encoding="UTF-8"?>
<testsuite name="com.polarbookshop.catalogservice.web.BookJsonTests" tests="2" skipped="0" failures="0" errors="0" timestamp="2024-07-02T15:38:42" hostname="PARAGUPT-mac" time="0.45">
  <properties/>
  <testcase name="testSerialize()" classname="com.polarbookshop.catalogservice.web.BookJsonTests" time="0.434"/>
  <testcase name="testDeserialize()" classname="com.polarbookshop.catalogservice.web.BookJsonTests" time="0.016"/>
  <system-out><![CDATA[21:08:41.541 [Test worker] INFO org.springframework.test.context.support.AnnotationConfigContextLoaderUtils -- Could not detect default configuration classes for test class [com.polarbookshop.catalogservice.web.BookJsonTests]: BookJsonTests does not declare any static, non-private, non-final, nested classes annotated with @Configuration.
21:08:41.619 [Test worker] INFO org.springframework.boot.test.context.SpringBootTestContextBootstrapper -- Found @SpringBootConfiguration com.polarbookshop.catalogservice.CatalogServiceApplication for test class com.polarbookshop.catalogservice.web.BookJsonTests

  .   ____          _            __ _ _
 /\\ / ___'_ __ _ _(_)_ __  __ _ \ \ \ \
( ( )\___ | '_ | '_| | '_ \/ _` | \ \ \ \
 \\/  ___)| |_)| | | | | || (_| |  ) ) ) )
  '  |____| .__|_| |_|_| |_\__, | / / / /
 =========|_|==============|___/=/_/_/_/

 :: Spring Boot ::                (v3.3.1)

2024-07-02T21:08:42.000+05:30  INFO 40744 --- [catalog-service] [    Test worker] c.p.catalogservice.web.BookJsonTests     : Starting BookJsonTests using Java 17.0.5 with PID 40744 (started by PARAGUPT in /Users/PARAGUPT/Learning/spring/CloudNativeSpring/my-code/github/catalog-service)
2024-07-02T21:08:42.000+05:30  INFO 40744 --- [catalog-service] [    Test worker] c.p.catalogservice.web.BookJsonTests     : No active profile set, falling back to 1 default profile: "default"
2024-07-02T21:08:42.007+05:30  INFO 40744 --- [catalog-service] [    Test worker] o.s.c.c.c.ConfigServerConfigDataLoader   : Fetching config from server at : http://localhost:8888
2024-07-02T21:08:42.007+05:30  INFO 40744 --- [catalog-service] [    Test worker] o.s.c.c.c.ConfigServerConfigDataLoader   : Exception on Url - http://localhost:8888:org.springframework.web.client.ResourceAccessException: I/O error on GET request for "http://localhost:8888/catalog-service/default": Connection refused. Will be trying the next url if available
2024-07-02T21:08:42.007+05:30  WARN 40744 --- [catalog-service] [    Test worker] o.s.c.c.c.ConfigServerConfigDataLoader   : Could not locate PropertySource ([ConfigServerConfigDataResource@36c2b646 uris = array<String>['http://localhost:8888'], optional = true, profiles = 'default']): I/O error on GET request for "http://localhost:8888/catalog-service/default": Connection refused
2024-07-02T21:08:42.007+05:30  INFO 40744 --- [catalog-service] [    Test worker] o.s.c.c.c.ConfigServerConfigDataLoader   : Fetching config from server at : http://localhost:8888
2024-07-02T21:08:42.007+05:30  INFO 40744 --- [catalog-service] [    Test worker] o.s.c.c.c.ConfigServerConfigDataLoader   : Exception on Url - http://localhost:8888:org.springframework.web.client.ResourceAccessException: I/O error on GET request for "http://localhost:8888/catalog-service/default": Connection refused. Will be trying the next url if available
2024-07-02T21:08:42.007+05:30  WARN 40744 --- [catalog-service] [    Test worker] o.s.c.c.c.ConfigServerConfigDataLoader   : Could not locate PropertySource ([ConfigServerConfigDataResource@41eb94bc uris = array<String>['http://localhost:8888'], optional = true, profiles = 'default']): I/O error on GET request for "http://localhost:8888/catalog-service/default": Connection refused
2024-07-02T21:08:42.007+05:30  INFO 40744 --- [catalog-service] [    Test worker] o.s.c.c.c.ConfigServerConfigDataLoader   : Fetching config from server at : http://localhost:8888
2024-07-02T21:08:42.007+05:30  INFO 40744 --- [catalog-service] [    Test worker] o.s.c.c.c.ConfigServerConfigDataLoader   : Exception on Url - http://localhost:8888:org.springframework.web.client.ResourceAccessException: I/O error on GET request for "http://localhost:8888/catalog-service/default": Connection refused. Will be trying the next url if available
2024-07-02T21:08:42.007+05:30  WARN 40744 --- [catalog-service] [    Test worker] o.s.c.c.c.ConfigServerConfigDataLoader   : Could not locate PropertySource ([ConfigServerConfigDataResource@378cfecf uris = array<String>['http://localhost:8888'], optional = true, profiles = 'default']): I/O error on GET request for "http://localhost:8888/catalog-service/default": Connection refused
2024-07-02T21:08:42.216+05:30  INFO 40744 --- [catalog-service] [    Test worker] c.p.catalogservice.web.BookJsonTests     : Started BookJsonTests in 0.561 seconds (process running for 1.071)
JsonContent {"id":null,"isbn":"1234567890","title":"Title","author":"Author","price":9.9,"publisher":"Polarsophia","createdDate":null,"lastModifiedDate":null,"version":0} created from com.polarbookshop.catalogservice.domain.Book
]]></system-out>
  <system-err><![CDATA[]]></system-err>
</testsuite>
