<?xml version="1.0" encoding="UTF-8"?>
<testsuite name="com.polarbookshop.catalogservice.CatalogServiceApplicationTests" tests="1" skipped="0" failures="0" errors="0" timestamp="2024-07-02T15:38:47" hostname="PARAGUPT-mac" time="0.312">
  <properties/>
  <testcase name="whenPostRequestThenBookCreated()" classname="com.polarbookshop.catalogservice.CatalogServiceApplicationTests" time="0.312"/>
  <system-out><![CDATA[2024-07-02T21:08:42.677+05:30  INFO 40744 --- [catalog-service] [    Test worker] t.c.s.AnnotationConfigContextLoaderUtils : Could not detect default configuration classes for test class [com.polarbookshop.catalogservice.CatalogServiceApplicationTests]: CatalogServiceApplicationTests does not declare any static, non-private, non-final, nested classes annotated with @Configuration.
2024-07-02T21:08:42.682+05:30  INFO 40744 --- [catalog-service] [    Test worker] .b.t.c.SpringBootTestContextBootstrapper : Found @SpringBootConfiguration com.polarbookshop.catalogservice.CatalogServiceApplication for test class com.polarbookshop.catalogservice.CatalogServiceApplicationTests

  .   ____          _            __ _ _
 /\\ / ___'_ __ _ _(_)_ __  __ _ \ \ \ \
( ( )\___ | '_ | '_| | '_ \/ _` | \ \ \ \
 \\/  ___)| |_)| | | | | || (_| |  ) ) ) )
  '  |____| .__|_| |_|_| |_\__, | / / / /
 =========|_|==============|___/=/_/_/_/

 :: Spring Boot ::                (v3.3.1)

2024-07-02T21:08:42.725+05:30  INFO 40744 --- [catalog-service] [    Test worker] c.p.c.CatalogServiceApplicationTests     : Starting CatalogServiceApplicationTests using Java 17.0.5 with PID 40744 (started by PARAGUPT in /Users/PARAGUPT/Learning/spring/CloudNativeSpring/my-code/github/catalog-service)
2024-07-02T21:08:42.725+05:30  INFO 40744 --- [catalog-service] [    Test worker] c.p.c.CatalogServiceApplicationTests     : The following 1 profile is active: "integration"
2024-07-02T21:08:42.726+05:30  INFO 40744 --- [catalog-service] [    Test worker] o.s.c.c.c.ConfigServerConfigDataLoader   : Fetching config from server at : http://localhost:8888
2024-07-02T21:08:42.726+05:30  INFO 40744 --- [catalog-service] [    Test worker] o.s.c.c.c.ConfigServerConfigDataLoader   : Exception on Url - http://localhost:8888:org.springframework.web.client.ResourceAccessException: I/O error on GET request for "http://localhost:8888/catalog-service/default": Connection refused. Will be trying the next url if available
2024-07-02T21:08:42.726+05:30  WARN 40744 --- [catalog-service] [    Test worker] o.s.c.c.c.ConfigServerConfigDataLoader   : Could not locate PropertySource ([ConfigServerConfigDataResource@6233c6c2 uris = array<String>['http://localhost:8888'], optional = true, profiles = 'default']): I/O error on GET request for "http://localhost:8888/catalog-service/default": Connection refused
2024-07-02T21:08:42.726+05:30  INFO 40744 --- [catalog-service] [    Test worker] o.s.c.c.c.ConfigServerConfigDataLoader   : Fetching config from server at : http://localhost:8888
2024-07-02T21:08:42.726+05:30  INFO 40744 --- [catalog-service] [    Test worker] o.s.c.c.c.ConfigServerConfigDataLoader   : Exception on Url - http://localhost:8888:org.springframework.web.client.ResourceAccessException: I/O error on GET request for "http://localhost:8888/catalog-service/integration": Connection refused. Will be trying the next url if available
2024-07-02T21:08:42.726+05:30  WARN 40744 --- [catalog-service] [    Test worker] o.s.c.c.c.ConfigServerConfigDataLoader   : Could not locate PropertySource ([ConfigServerConfigDataResource@312a738d uris = array<String>['http://localhost:8888'], optional = true, profiles = 'integration']): I/O error on GET request for "http://localhost:8888/catalog-service/integration": Connection refused
2024-07-02T21:08:42.726+05:30  INFO 40744 --- [catalog-service] [    Test worker] o.s.c.c.c.ConfigServerConfigDataLoader   : Fetching config from server at : http://localhost:8888
2024-07-02T21:08:42.726+05:30  INFO 40744 --- [catalog-service] [    Test worker] o.s.c.c.c.ConfigServerConfigDataLoader   : Exception on Url - http://localhost:8888:org.springframework.web.client.ResourceAccessException: I/O error on GET request for "http://localhost:8888/catalog-service/default": Connection refused. Will be trying the next url if available
2024-07-02T21:08:42.726+05:30  WARN 40744 --- [catalog-service] [    Test worker] o.s.c.c.c.ConfigServerConfigDataLoader   : Could not locate PropertySource ([ConfigServerConfigDataResource@7e50eeb9 uris = array<String>['http://localhost:8888'], optional = true, profiles = 'default']): I/O error on GET request for "http://localhost:8888/catalog-service/default": Connection refused
2024-07-02T21:08:43.007+05:30  INFO 40744 --- [catalog-service] [    Test worker] .s.d.r.c.RepositoryConfigurationDelegate : Bootstrapping Spring Data JDBC repositories in DEFAULT mode.
2024-07-02T21:08:43.062+05:30  INFO 40744 --- [catalog-service] [    Test worker] .s.d.r.c.RepositoryConfigurationDelegate : Finished Spring Data repository scanning in 53 ms. Found 1 JDBC repository interface.
2024-07-02T21:08:43.105+05:30  INFO 40744 --- [catalog-service] [    Test worker] o.s.cloud.context.scope.GenericScope     : BeanFactory id=817c62b8-af24-34a7-afa0-322347ed40f8
2024-07-02T21:08:43.242+05:30  INFO 40744 --- [catalog-service] [    Test worker] o.s.b.w.embedded.tomcat.TomcatWebServer  : Tomcat initialized with port 0 (http)
2024-07-02T21:08:43.248+05:30  INFO 40744 --- [catalog-service] [    Test worker] o.apache.catalina.core.StandardService   : Starting service [Tomcat]
2024-07-02T21:08:43.248+05:30  INFO 40744 --- [catalog-service] [    Test worker] o.apache.catalina.core.StandardEngine    : Starting Servlet engine: [Apache Tomcat/10.1.25]
2024-07-02T21:08:43.276+05:30  INFO 40744 --- [catalog-service] [    Test worker] o.a.c.c.C.[Tomcat].[localhost].[/]       : Initializing Spring embedded WebApplicationContext
2024-07-02T21:08:43.277+05:30  INFO 40744 --- [catalog-service] [    Test worker] w.s.c.ServletWebServerApplicationContext : Root WebApplicationContext: initialization completed in 550 ms
2024-07-02T21:08:43.387+05:30  INFO 40744 --- [catalog-service] [    Test worker] com.zaxxer.hikari.HikariDataSource       : HikariPool-1 - Starting...
2024-07-02T21:08:43.404+05:30  INFO 40744 --- [catalog-service] [    Test worker] org.testcontainers.images.PullPolicy     : Image pull policy will be performed by: DefaultPullPolicy()
2024-07-02T21:08:43.405+05:30  INFO 40744 --- [catalog-service] [    Test worker] o.t.utility.ImageNameSubstitutor         : Image name substitution will be performed by: DefaultImageNameSubstitutor (composite of 'ConfigurationFileImageNameSubstitutor' and 'PrefixingImageNameSubstitutor')
2024-07-02T21:08:43.598+05:30  INFO 40744 --- [catalog-service] [    Test worker] o.t.d.DockerClientProviderStrategy       : Found Docker environment with Environment variables, system properties and defaults. Resolved dockerHost=unix:////Users/PARAGUPT/.colima/docker.sock
2024-07-02T21:08:43.598+05:30  INFO 40744 --- [catalog-service] [    Test worker] org.testcontainers.DockerClientFactory   : Docker host IP address is localhost
2024-07-02T21:08:43.608+05:30  INFO 40744 --- [catalog-service] [    Test worker] org.testcontainers.DockerClientFactory   : Connected to docker: 
  Server Version: 26.1.1
  API Version: 1.45
  Operating System: Ubuntu 24.04 LTS
  Total Memory: 3902 MB
2024-07-02T21:08:43.609+05:30  WARN 40744 --- [catalog-service] [    Test worker] o.testcontainers.utility.ResourceReaper  : 
********************************************************************************
Ryuk has been disabled. This can cause unexpected behavior in your environment.
********************************************************************************
2024-07-02T21:08:43.611+05:30  INFO 40744 --- [catalog-service] [    Test worker] org.testcontainers.DockerClientFactory   : Checking the system...
2024-07-02T21:08:43.611+05:30  INFO 40744 --- [catalog-service] [    Test worker] org.testcontainers.DockerClientFactory   : ✔︎ Docker server version should be at least 1.6.0
2024-07-02T21:08:43.628+05:30  INFO 40744 --- [catalog-service] [    Test worker] tc.postgres:14.12                        : Creating container for image: postgres:14.12
2024-07-02T21:08:43.688+05:30  INFO 40744 --- [catalog-service] [    Test worker] tc.postgres:14.12                        : Container postgres:14.12 is starting: 104235cb56aaf973eec19ac96aaa9843568240b58212b7e16c2ab99a3821579c
2024-07-02T21:08:44.525+05:30  INFO 40744 --- [catalog-service] [    Test worker] tc.postgres:14.12                        : Container postgres:14.12 started in PT0.896088S
2024-07-02T21:08:44.525+05:30  INFO 40744 --- [catalog-service] [    Test worker] tc.postgres:14.12                        : Container is started (JDBC URL: jdbc:postgresql://localhost:32772/test?loggerLevel=OFF)
2024-07-02T21:08:46.664+05:30  INFO 40744 --- [catalog-service] [    Test worker] com.zaxxer.hikari.pool.HikariPool        : HikariPool-1 - Added connection org.testcontainers.jdbc.ConnectionWrapper@5bbf8daa
2024-07-02T21:08:46.665+05:30  INFO 40744 --- [catalog-service] [    Test worker] com.zaxxer.hikari.HikariDataSource       : HikariPool-1 - Start completed.
2024-07-02T21:08:46.681+05:30  INFO 40744 --- [catalog-service] [    Test worker] org.flywaydb.core.FlywayExecutor         : Database: jdbc:postgresql://localhost:32772/test (PostgreSQL 14.12)
2024-07-02T21:08:46.701+05:30  INFO 40744 --- [catalog-service] [    Test worker] o.f.c.i.s.JdbcTableSchemaHistory         : Schema history table "public"."flyway_schema_history" does not exist yet
2024-07-02T21:08:46.703+05:30  INFO 40744 --- [catalog-service] [    Test worker] o.f.core.internal.command.DbValidate     : Successfully validated 2 migrations (execution time 00:00.008s)
2024-07-02T21:08:46.716+05:30  INFO 40744 --- [catalog-service] [    Test worker] o.f.c.i.s.JdbcTableSchemaHistory         : Creating Schema History table "public"."flyway_schema_history" ...
2024-07-02T21:08:46.767+05:30  INFO 40744 --- [catalog-service] [    Test worker] o.f.core.internal.command.DbMigrate      : Current version of schema "public": << Empty Schema >>
2024-07-02T21:08:46.772+05:30  INFO 40744 --- [catalog-service] [    Test worker] o.f.core.internal.command.DbMigrate      : Migrating schema "public" to version "1 - Initial schema"
2024-07-02T21:08:46.798+05:30  INFO 40744 --- [catalog-service] [    Test worker] o.f.core.internal.command.DbMigrate      : Migrating schema "public" to version "2 - Add publisher column"
2024-07-02T21:08:46.816+05:30  INFO 40744 --- [catalog-service] [    Test worker] o.f.core.internal.command.DbMigrate      : Successfully applied 2 migrations to schema "public", now at version v2 (execution time 00:00.013s)
2024-07-02T21:08:47.164+05:30  INFO 40744 --- [catalog-service] [    Test worker] o.s.b.a.e.web.EndpointLinksResolver      : Exposing 1 endpoint beneath base path '/actuator'
2024-07-02T21:08:47.283+05:30  INFO 40744 --- [catalog-service] [    Test worker] o.s.b.w.embedded.tomcat.TomcatWebServer  : Tomcat started on port 56911 (http) with context path '/'
2024-07-02T21:08:47.299+05:30  INFO 40744 --- [catalog-service] [    Test worker] c.p.c.CatalogServiceApplicationTests     : Started CatalogServiceApplicationTests in 4.615 seconds (process running for 6.153)
2024-07-02T21:08:47.436+05:30 ERROR 40744 --- [catalog-service] [    Test worker] i.n.r.d.DnsServerAddressStreamProviders  : Unable to load io.netty.resolver.dns.macos.MacOSDnsServerAddressStreamProvider, fallback to system defaults. This may result in incorrect DNS resolutions on MacOS. Check whether you have a dependency on 'io.netty:netty-resolver-dns-native-macos'. Use DEBUG level to see the full stack: java.lang.UnsatisfiedLinkError: failed to load the required native library
2024-07-02T21:08:47.568+05:30  INFO 40744 --- [catalog-service] [o-auto-1-exec-1] o.a.c.c.C.[Tomcat].[localhost].[/]       : Initializing Spring DispatcherServlet 'dispatcherServlet'
2024-07-02T21:08:47.568+05:30  INFO 40744 --- [catalog-service] [o-auto-1-exec-1] o.s.web.servlet.DispatcherServlet        : Initializing Servlet 'dispatcherServlet'
2024-07-02T21:08:47.569+05:30  INFO 40744 --- [catalog-service] [o-auto-1-exec-1] o.s.web.servlet.DispatcherServlet        : Completed initialization in 1 ms
]]></system-out>
  <system-err><![CDATA[]]></system-err>
</testsuite>
