<?xml version="1.0" encoding="UTF-8"?>
<testsuite name="com.polarbookshop.catalogservice.domain.BookValidationTests" tests="2" skipped="0" failures="0" errors="0" timestamp="2024-07-02T15:38:47" hostname="PARAGUPT-mac" time="0.006">
  <properties/>
  <testcase name="whenAllFieldsCorrectThenValidationSucceeds()" classname="com.polarbookshop.catalogservice.domain.BookValidationTests" time="0.005"/>
  <testcase name="whenIsbnDefinedButIncorrectThenValidationFails()" classname="com.polarbookshop.catalogservice.domain.BookValidationTests" time="0.001"/>
  <system-out><![CDATA[]]></system-out>
  <system-err><![CDATA[]]></system-err>
</testsuite>
