<?xml version="1.0" encoding="UTF-8"?>
<testsuite name="com.polarbookshop.catalogservice.domain.BookRepositoryJdbcTests" tests="2" skipped="0" failures="0" errors="0" timestamp="2024-07-02T15:38:47" hostname="PARAGUPT-mac" time="0.037">
  <properties/>
  <testcase name="findBookByIsbnWhenExisting()" classname="com.polarbookshop.catalogservice.domain.BookRepositoryJdbcTests" time="0.023"/>
  <testcase name="findAllBooks()" classname="com.polarbookshop.catalogservice.domain.BookRepositoryJdbcTests" time="0.014"/>
  <system-out><![CDATA[2024-07-02T21:08:47.692+05:30  INFO 40744 --- [catalog-service] [    Test worker] t.c.s.AnnotationConfigContextLoaderUtils : Could not detect default configuration classes for test class [com.polarbookshop.catalogservice.domain.BookRepositoryJdbcTests]: BookRepositoryJdbcTests does not declare any static, non-private, non-final, nested classes annotated with @Configuration.
2024-07-02T21:08:47.701+05:30  INFO 40744 --- [catalog-service] [    Test worker] .b.t.c.SpringBootTestContextBootstrapper : Found @SpringBootConfiguration com.polarbookshop.catalogservice.CatalogServiceApplication for test class com.polarbookshop.catalogservice.domain.BookRepositoryJdbcTests

  .   ____          _            __ _ _
 /\\ / ___'_ __ _ _(_)_ __  __ _ \ \ \ \
( ( )\___ | '_ | '_| | '_ \/ _` | \ \ \ \
 \\/  ___)| |_)| | | | | || (_| |  ) ) ) )
  '  |____| .__|_| |_|_| |_\__, | / / / /
 =========|_|==============|___/=/_/_/_/

 :: Spring Boot ::                (v3.3.1)

2024-07-02T21:08:47.725+05:30  INFO 40744 --- [catalog-service] [    Test worker] c.p.c.domain.BookRepositoryJdbcTests     : Starting BookRepositoryJdbcTests using Java 17.0.5 with PID 40744 (started by PARAGUPT in /Users/PARAGUPT/Learning/spring/CloudNativeSpring/my-code/github/catalog-service)
2024-07-02T21:08:47.725+05:30  INFO 40744 --- [catalog-service] [    Test worker] c.p.c.domain.BookRepositoryJdbcTests     : The following 1 profile is active: "integration"
2024-07-02T21:08:47.726+05:30  INFO 40744 --- [catalog-service] [    Test worker] o.s.c.c.c.ConfigServerConfigDataLoader   : Fetching config from server at : http://localhost:8888
2024-07-02T21:08:47.726+05:30  INFO 40744 --- [catalog-service] [    Test worker] o.s.c.c.c.ConfigServerConfigDataLoader   : Exception on Url - http://localhost:8888:org.springframework.web.client.ResourceAccessException: I/O error on GET request for "http://localhost:8888/catalog-service/default": Connection refused. Will be trying the next url if available
2024-07-02T21:08:47.726+05:30  WARN 40744 --- [catalog-service] [    Test worker] o.s.c.c.c.ConfigServerConfigDataLoader   : Could not locate PropertySource ([ConfigServerConfigDataResource@6a636c62 uris = array<String>['http://localhost:8888'], optional = true, profiles = 'default']): I/O error on GET request for "http://localhost:8888/catalog-service/default": Connection refused
2024-07-02T21:08:47.726+05:30  INFO 40744 --- [catalog-service] [    Test worker] o.s.c.c.c.ConfigServerConfigDataLoader   : Fetching config from server at : http://localhost:8888
2024-07-02T21:08:47.726+05:30  INFO 40744 --- [catalog-service] [    Test worker] o.s.c.c.c.ConfigServerConfigDataLoader   : Exception on Url - http://localhost:8888:org.springframework.web.client.ResourceAccessException: I/O error on GET request for "http://localhost:8888/catalog-service/integration": Connection refused. Will be trying the next url if available
2024-07-02T21:08:47.726+05:30  WARN 40744 --- [catalog-service] [    Test worker] o.s.c.c.c.ConfigServerConfigDataLoader   : Could not locate PropertySource ([ConfigServerConfigDataResource@5e4d55a6 uris = array<String>['http://localhost:8888'], optional = true, profiles = 'integration']): I/O error on GET request for "http://localhost:8888/catalog-service/integration": Connection refused
2024-07-02T21:08:47.726+05:30  INFO 40744 --- [catalog-service] [    Test worker] o.s.c.c.c.ConfigServerConfigDataLoader   : Fetching config from server at : http://localhost:8888
2024-07-02T21:08:47.726+05:30  INFO 40744 --- [catalog-service] [    Test worker] o.s.c.c.c.ConfigServerConfigDataLoader   : Exception on Url - http://localhost:8888:org.springframework.web.client.ResourceAccessException: I/O error on GET request for "http://localhost:8888/catalog-service/default": Connection refused. Will be trying the next url if available
2024-07-02T21:08:47.726+05:30  WARN 40744 --- [catalog-service] [    Test worker] o.s.c.c.c.ConfigServerConfigDataLoader   : Could not locate PropertySource ([ConfigServerConfigDataResource@5863ef93 uris = array<String>['http://localhost:8888'], optional = true, profiles = 'default']): I/O error on GET request for "http://localhost:8888/catalog-service/default": Connection refused
2024-07-02T21:08:47.783+05:30  INFO 40744 --- [catalog-service] [    Test worker] .s.d.r.c.RepositoryConfigurationDelegate : Bootstrapping Spring Data JDBC repositories in DEFAULT mode.
2024-07-02T21:08:47.786+05:30  INFO 40744 --- [catalog-service] [    Test worker] .s.d.r.c.RepositoryConfigurationDelegate : Finished Spring Data repository scanning in 2 ms. Found 1 JDBC repository interface.
2024-07-02T21:08:47.809+05:30  INFO 40744 --- [catalog-service] [    Test worker] com.zaxxer.hikari.HikariDataSource       : HikariPool-2 - Starting...
2024-07-02T21:08:47.829+05:30  INFO 40744 --- [catalog-service] [    Test worker] com.zaxxer.hikari.pool.HikariPool        : HikariPool-2 - Added connection org.testcontainers.jdbc.ConnectionWrapper@2afdab87
2024-07-02T21:08:47.829+05:30  INFO 40744 --- [catalog-service] [    Test worker] com.zaxxer.hikari.HikariDataSource       : HikariPool-2 - Start completed.
2024-07-02T21:08:47.831+05:30  INFO 40744 --- [catalog-service] [    Test worker] org.flywaydb.core.FlywayExecutor         : Database: jdbc:postgresql://localhost:32772/test (PostgreSQL 14.12)
2024-07-02T21:08:47.884+05:30  INFO 40744 --- [catalog-service] [    Test worker] o.f.core.internal.command.DbValidate     : Successfully validated 2 migrations (execution time 00:00.045s)
2024-07-02T21:08:47.914+05:30  INFO 40744 --- [catalog-service] [    Test worker] o.f.core.internal.command.DbMigrate      : Current version of schema "public": 2
2024-07-02T21:08:47.915+05:30  INFO 40744 --- [catalog-service] [    Test worker] o.f.core.internal.command.DbMigrate      : Schema "public" is up to date. No migration necessary.
2024-07-02T21:08:47.940+05:30  INFO 40744 --- [catalog-service] [    Test worker] c.p.c.domain.BookRepositoryJdbcTests     : Started BookRepositoryJdbcTests in 0.238 seconds (process running for 6.795)
]]></system-out>
  <system-err><![CDATA[]]></system-err>
</testsuite>
